<?xml version="1.0" encoding="UTF-8"?>
<testsuite xmlns:xsi="http://www.w3.org/2001/XMLSchema-instance" xsi:noNamespaceSchemaLocation="https://maven.apache.org/surefire/maven-surefire-plugin/xsd/surefire-test-report-3.0.xsd" version="3.0" name="TestSuite" time="134.403" tests="7" errors="0" skipped="0" failures="2">
  <properties>
[...]
</properties>
  <testcase name="checkThatUsersNameAppearsAfterRegistration" classname="tests.RegistrationWithValidDataTest" time="12.992">
    <system-out><![CDATA[[INFO ] 2021-10-07 19:35:24 WebDriverManager:958 :resolveDriverVersion - message:Using chromedriver 94.0.4606.61 (resolved driver for Chrome 94)
[INFO ] 2021-10-07 19:35:24 WebDriverManager:958 :resolveDriverVersion - message:Using chromedriver 94.0.4606.61 (resolved driver for Chrome 94)
[INFO ] 2021-10-07 19:35:24 WebDriverManager:1013 :exportDriver - message:Exporting webdriver.chrome.driver as C:\Users\User\.cache\selenium\chromedriver\win32\94.0.4606.61\chromedriver.exe
[INFO ] 2021-10-07 19:35:24 WebDriverManager:1013 :exportDriver - message:Exporting webdriver.chrome.driver as C:\Users\User\.cache\selenium\chromedriver\win32\94.0.4606.61\chromedriver.exe
[INFO ] 2021-10-07 19:35:30 BaseTest:42 :setUp - message:Opening main page of the application https://demo.prestashop.com/
[INFO ] 2021-10-07 19:35:30 BaseTest:42 :setUp - message:Opening main page of the application https://demo.prestashop.com/
[INFO ] 2021-10-07 19:35:39 MainPage:70 :clickSignInButton - message:Clicking the Sign In button
[INFO ] 2021-10-07 19:35:40 MainPage:70 :clickSignInButton - message:Clicking the Sign In button
[INFO ] 2021-10-07 19:35:47 LoginPage:18 :clickCreateAccountLink - message:Clicking Create Account link
[INFO ] 2021-10-07 19:35:47 LoginPage:18 :clickCreateAccountLink - message:Clicking Create Account link
[INFO ] 2021-10-07 19:35:48 RegistrationPage:39 :enterFirstName - message:Entering first nameKeren
[INFO ] 2021-10-07 19:35:48 RegistrationPage:39 :enterFirstName - message:Entering first nameJames8
[INFO ] 2021-10-07 19:35:48 RegistrationPage:45 :enterLastName - message:Entering last nameFeil
[INFO ] 2021-10-07 19:35:48 RegistrationPage:45 :enterLastName - message:Entering last nameFadel
[INFO ] 2021-10-07 19:35:48 RegistrationPage:51 :enterEmail - message:Entering emailwiley.bartoletti@yahoo.com
[INFO ] 2021-10-07 19:35:48 RegistrationPage:51 :enterEmail - message:Entering emaileric.mertz@gmail.com
[INFO ] 2021-10-07 19:35:49 RegistrationPage:57 :enterPassword - message:Entering password86odq5c3yhk0v
[INFO ] 2021-10-07 19:35:49 RegistrationPage:57 :enterPassword - message:Entering passworduy34xo0lyppi
[INFO ] 2021-10-07 19:35:49 RegistrationPage:63 :clickOnCustomerDataPrivacyCheckBox - message:Clicking on customer data privacy checkbox
[INFO ] 2021-10-07 19:35:49 RegistrationPage:63 :clickOnCustomerDataPrivacyCheckBox - message:Clicking on customer data privacy checkbox
[INFO ] 2021-10-07 19:35:49 RegistrationPage:69 :clickOnAgreePrivacyPolicyCheckBox - message:Clicking on agree privacy policy checkbox
[INFO ] 2021-10-07 19:35:49 RegistrationPage:69 :clickOnAgreePrivacyPolicyCheckBox - message:Clicking on agree privacy policy checkbox
[INFO ] 2021-10-07 19:35:49 RegistrationPage:75 :clickSaveButton - message:Clicking on Save button
[INFO ] 2021-10-07 19:35:49 RegistrationPage:75 :clickSaveButton - message:Clicking on Save button
[INFO ] 2021-10-07 19:35:50 RegistrationPage:85 :getColorOfFirstNameFieldBorderWhenInvalidName - message:Getting color of the invalid first name field border
[INFO ] 2021-10-07 19:35:50 UserPage:17 :getUserNameAsString - message:Getting user name as string
]]></system-out>
    <system-err><![CDATA[Starting ChromeDriver 9S4t.0a.r4t6i0ng6 .C6h1r o(m4e1D8rb7i8vfe5r8 3984e.d00.b4160c669.b6b14 e(5411e8ab07285f25183781e8d504b911c56-9rbbef4s/eb5ra1necha-heads/4606@{#1204}) on port 23764
Only local connections are allowed.
Please see https://chromedriver.chromium.org/security-considerations for suggestions on keeping Chro0m2eD5r2i1ve7r1 8s5a4f9e15.-r
efs/branch-heads/4606@{#1204}) on port 5391
Only local connections are allowed.
Please see https://chromedriver.chromium.org/security-considerations for suggestions on keeping ChromeDriver safe.
ChromeDriver was started successfully.
ChromeDriver was started successfully.
окт 07, 2021 7:35:30 PM org.openqa.selenium.remote.ProtocolHandshake createSession
INFO: Detected dialect: W3C
окт 07, 2021 7:35:30 PM org.openqa.selenium.remote.ProtocolHandshake createSession
INFO: Detected dialect: W3C
]]></system-err>
  </testcase>
  <testcase name="checkThatInvalidDataHighlightedRedAndWarningAppears" classname="tests.RegistrationWithInvalidDataTest" time="13.733">
    <system-out><![CDATA[[INFO ] 2021-10-07 19:35:51 BaseTest:54 :quite - message:Closing the application
[INFO ] 2021-10-07 19:35:52 RegistrationPage:90 :getWarningMessage - message:Getting warning message when invalid data is used during registration
]]></system-out>
  </testcase>
  <testcase name="checkTheNumberOfLanguagesInTheLanguageMenu" classname="tests.LanguagesTest" time="0.016">
    <failure type="java.lang.NullPointerException"><![CDATA[java.lang.NullPointerException
	at tests.LanguagesTest.checkTheNumberOfLanguagesInTheLanguageMenu(LanguagesTest.java:14)
]]></failure>
    <system-out><![CDATA[[INFO ] 2021-10-07 19:35:52 BaseTest:54 :quite - message:Closing the application
[INFO ] 2021-10-07 19:35:53 WebDriverManager:958 :resolveDriverVersion - message:Using chromedriver 94.0.4606.61 (resolved driver for Chrome 94)
[INFO ] 2021-10-07 19:35:53 WebDriverManager:1013 :exportDriver - message:Exporting webdriver.chrome.driver as C:\Users\User\.cache\selenium\chromedriver\win32\94.0.4606.61\chromedriver.exe
[INFO ] 2021-10-07 19:35:57 BaseTest:42 :setUp - message:Opening main page of the application https://demo.prestashop.com/
[INFO ] 2021-10-07 19:36:08 MainPage:55 :clickLanguageButton - message:Clicking the language button
]]></system-out>
    <system-err><![CDATA[Starting ChromeDriver 94.0.4606.61 (418b78f5838ed0b1c69bb4e51ea0252171854915-refs/branch-heads/4606@{#1204}) on port 21357
Only local connections are allowed.
Please see https://chromedriver.chromium.org/security-considerations for suggestions on keeping ChromeDriver safe.
ChromeDriver was started successfully.
окт 07, 2021 7:35:57 PM org.openqa.selenium.remote.ProtocolHandshake createSession
INFO: Detected dialect: W3C
]]></system-err>
  </testcase>
  <testcase name="checkThatUkrainianExistsInTheLanguageMenu" classname="tests.LanguagesTest" time="4.923">
    <system-out><![CDATA[[INFO ] 2021-10-07 19:36:08 WebDriverManager:958 :resolveDriverVersion - message:Using chromedriver 94.0.4606.61 (resolved driver for Chrome 94)
[INFO ] 2021-10-07 19:36:08 WebDriverManager:1013 :exportDriver - message:Exporting webdriver.chrome.driver as C:\Users\User\.cache\selenium\chromedriver\win32\94.0.4606.61\chromedriver.exe
[INFO ] 2021-10-07 19:36:10 BaseTest:42 :setUp - message:Opening main page of the application https://demo.prestashop.com/
[INFO ] 2021-10-07 19:36:12 MainPage:60 :getListOfAllLanguages - message:Getting a list of all languages
]]></system-out>
    <system-err><![CDATA[Starting ChromeDriver 94.0.4606.61 (418b78f5838ed0b1c69bb4e51ea0252171854915-refs/branch-heads/4606@{#1204}) on port 13761
Only local connections are allowed.
Please see https://chromedriver.chromium.org/security-considerations for suggestions on keeping ChromeDriver safe.
ChromeDriver was started successfully.
окт 07, 2021 7:36:10 PM org.openqa.selenium.remote.ProtocolHandshake createSession
INFO: Detected dialect: W3C
]]></system-err>
  </testcase>
  <testcase name="checkSubMenuOfTheCategories" classname="tests.SubMenuTest" time="17.505">
    <failure message="Expected condition failed: waiting for visibility of element located by By.xpath: //li[@id=&apos;category-6&apos;]//li (tried for 5 second(s) with 500 milliseconds interval)&#10;Build info: version: &apos;3.141.59&apos;, revision: &apos;e82be7d358&apos;, time: &apos;2018-11-14T08:17:03&apos;&#10;System info: host: &apos;ADMIN-PC&apos;, ip: &apos;172.17.253.77&apos;, os.name: &apos;Windows 10&apos;, os.arch: &apos;amd64&apos;, os.version: &apos;10.0&apos;, java.version: &apos;1.8.0_291&apos;&#10;Driver info: org.openqa.selenium.chrome.ChromeDriver&#10;Capabilities {acceptInsecureCerts: false, browserName: chrome, browserVersion: 94.0.4606.61, chrome: {chromedriverVersion: 94.0.4606.61 (418b78f5838ed..., userDataDir: C:\Users\User\AppData\Local...}, goog:chromeOptions: {debuggerAddress: localhost:57376}, javascriptEnabled: true, networkConnectionEnabled: false, pageLoadStrategy: normal, platform: WINDOWS, platformName: WINDOWS, proxy: Proxy(), setWindowRect: true, strictFileInteractability: false, timeouts: {implicit: 0, pageLoad: 300000, script: 30000}, unhandledPromptBehavior: dismiss and notify, webauthn:extension:credBlob: true, webauthn:extension:largeBlob: true, webauthn:virtualAuthenticators: true}&#10;Session ID: 288c08d5785b9b298fd0343651a197cb" type="org.openqa.selenium.TimeoutException"><![CDATA[org.openqa.selenium.TimeoutException: 
Expected condition failed: waiting for visibility of element located by By.xpath: //li[@id='category-6']//li (tried for 5 second(s) with 500 milliseconds interval)
Build info: version: '3.141.59', revision: 'e82be7d358', time: '2018-11-14T08:17:03'
System info: host: 'ADMIN-PC', ip: '172.17.253.77', os.name: 'Windows 10', os.arch: 'amd64', os.version: '10.0', java.version: '1.8.0_291'
Driver info: org.openqa.selenium.chrome.ChromeDriver
Capabilities {acceptInsecureCerts: false, browserName: chrome, browserVersion: 94.0.4606.61, chrome: {chromedriverVersion: 94.0.4606.61 (418b78f5838ed..., userDataDir: C:\Users\User\AppData\Local...}, goog:chromeOptions: {debuggerAddress: localhost:57376}, javascriptEnabled: true, networkConnectionEnabled: false, pageLoadStrategy: normal, platform: WINDOWS, platformName: WINDOWS, proxy: Proxy(), setWindowRect: true, strictFileInteractability: false, timeouts: {implicit: 0, pageLoad: 300000, script: 30000}, unhandledPromptBehavior: dismiss and notify, webauthn:extension:credBlob: true, webauthn:extension:largeBlob: true, webauthn:virtualAuthenticators: true}
Session ID: 288c08d5785b9b298fd0343651a197cb
	at tests.SubMenuTest.checkSubMenuOfTheCategories(SubMenuTest.java:22)
]]></failure>
    <system-out><![CDATA[[INFO ] 2021-10-07 19:36:13 BaseTest:54 :quite - message:Closing the application
[INFO ] 2021-10-07 19:36:21 MainPage:76 :moveMouseToClothesCategory - message:Hovering mouse over Clothes category
[INFO ] 2021-10-07 19:36:25 MainPage:98 :getAllElementsFromSubMenu - message:Getting all elements from Clothes submenu
[INFO ] 2021-10-07 19:36:28 MainPage:83 :moveMouseToAccessoriesCategory - message:Hovering mouse over Accessories category
[INFO ] 2021-10-07 19:36:33 MainPage:105 :getAllElementsFromSubMenu - message:Getting all elements from Accessories submenu
]]></system-out>
  </testcase>
  <testcase name="checkThatEveryProductHasOldPriceAndCorrectNewPrice" classname="tests.PriceDropTest" time="1.807">
    <system-out><![CDATA[[INFO ] 2021-10-07 19:36:38 BaseTest:54 :quite - message:Closing the application
[INFO ] 2021-10-07 19:36:39 WebDriverManager:958 :resolveDriverVersion - message:Using chromedriver 94.0.4606.61 (resolved driver for Chrome 94)
[INFO ] 2021-10-07 19:36:40 WebDriverManager:958 :resolveDriverVersion - message:Using chromedriver 94.0.4606.61 (resolved driver for Chrome 94)
[INFO ] 2021-10-07 19:36:40 WebDriverManager:1013 :exportDriver - message:Exporting webdriver.chrome.driver as C:\Users\User\.cache\selenium\chromedriver\win32\94.0.4606.61\chromedriver.exe
[INFO ] 2021-10-07 19:36:40 WebDriverManager:1013 :exportDriver - message:Exporting webdriver.chrome.driver as C:\Users\User\.cache\selenium\chromedriver\win32\94.0.4606.61\chromedriver.exe
[INFO ] 2021-10-07 19:36:42 BaseTest:42 :setUp - message:Opening main page of the application https://demo.prestashop.com/
[INFO ] 2021-10-07 19:36:42 BaseTest:42 :setUp - message:Opening main page of the application https://demo.prestashop.com/
[INFO ] 2021-10-07 19:36:52 MainPage:123 :getAllPopularProducts - message:Getting all popular products
[INFO ] 2021-10-07 19:36:52 MainPage:132 :clickPricesDropLink - message:Clicking Price Drop link
[INFO ] 2021-10-07 19:36:53 OnSalePage:24 :getAllOnSaleProducts - message:Getting all on sale products
]]></system-out>
    <system-err><![CDATA[Starting ChromeDriver 94.0.4606.61 (418b78f5838ed0b1c69bb4e51ea0252171854915-refs/branch-heads/4606@{#1204}) on port 24915
Only local connections are allowed.
Please see https://chromedriver.chromium.org/security-considerations for suggestions on keeping ChromeDriver safe.
Starting ChromeDriver 94.0.4606.61 (418b78f5838ed0b1c69bb4e51ea0252171854915-refs/branch-heads/4606@{#1204}) on port 6827
Only local connections are allowed.
Please see https://chromedriver.chromium.org/security-considerations for suggestions on keeping ChromeDriver safe.
ChromeDriver was started successfully.
ChromeDriver was started successfully.
окт 07, 2021 7:36:42 PM org.openqa.selenium.remote.ProtocolHandshake createSession
INFO: Detected dialect: W3C
окт 07, 2021 7:36:42 PM org.openqa.selenium.remote.ProtocolHandshake createSession
INFO: Detected dialect: W3C
]]></system-err>
  </testcase>
  <testcase name="checkThatPopularProductsHaveNameAndPriceAndCheckTheirAmount" classname="tests.PopularProductTest" time="37.811">
    <system-out><![CDATA[[INFO ] 2021-10-07 19:36:54 BaseTest:54 :quite - message:Closing the application
]]></system-out>
  </testcase>
</testsuite>