<?xml version="1.0" encoding="UTF-8"?>
<testsuite xmlns:xsi="http://www.w3.org/2001/XMLSchema-instance" xsi:noNamespaceSchemaLocation="https://maven.apache.org/surefire/maven-surefire-plugin/xsd/surefire-test-report-3.0.xsd" version="3.0" name="TestSuite" time="3.45" tests="19" errors="0" skipped="7" failures="12">
  <properties>
[...]
</properties>
  <testcase name="setUp" classname="tests.RegistrationWithInvalidDataTest" time="2.262">
    <failure message="Wrong browser" type="java.lang.IllegalStateException"><![CDATA[java.lang.IllegalStateException: Wrong browser
]]></failure>
  </testcase>
  <testcase name="checkThatInvalidDataHighlightedRedAndWarningAppears" classname="tests.RegistrationWithInvalidDataTest" time="0">
    <skipped message="Wrong browser"/>
  </testcase>
  <testcase name="quite" classname="tests.RegistrationWithInvalidDataTest" time="0.111">
    <failure type="java.lang.NullPointerException"><![CDATA[java.lang.NullPointerException
]]></failure>
    <system-out><![CDATA[[INFO ] 2021-10-07 13:19:58 BaseTest:54 :quite - message:Closing the application
[INFO ] 2021-10-07 13:19:58 BaseTest:54 :quite - message:Closing the application
]]></system-out>
  </testcase>
  <testcase name="setUp" classname="tests.RegistrationWithValidDataTest" time="2.262">
    <failure message="Wrong browser" type="java.lang.IllegalStateException"><![CDATA[java.lang.IllegalStateException: Wrong browser
]]></failure>
  </testcase>
  <testcase name="checkThatUsersNameAppearsAfterRegistration" classname="tests.RegistrationWithValidDataTest" time="0">
    <skipped message="Wrong browser"/>
  </testcase>
  <testcase name="quite" classname="tests.RegistrationWithValidDataTest" time="0.111">
    <failure type="java.lang.NullPointerException"><![CDATA[java.lang.NullPointerException
]]></failure>
  </testcase>
  <testcase name="setUp" classname="tests.LanguagesTest" time="0.172">
    <failure message="Wrong browser" type="java.lang.IllegalStateException"><![CDATA[java.lang.IllegalStateException: Wrong browser
]]></failure>
  </testcase>
  <testcase name="checkThatUkrainianExistsInTheLanguageMenu" classname="tests.LanguagesTest" time="0">
    <skipped message="Wrong browser"/>
  </testcase>
  <testcase name="checkTheNumberOfLanguagesInTheLanguageMenu" classname="tests.LanguagesTest" time="0">
    <skipped message="Wrong browser"/>
  </testcase>
  <testcase name="quite" classname="tests.LanguagesTest" time="0.041">
    <failure type="java.lang.NullPointerException"><![CDATA[java.lang.NullPointerException
]]></failure>
    <system-out><![CDATA[[INFO ] 2021-10-07 13:19:58 BaseTest:54 :quite - message:Closing the application
]]></system-out>
  </testcase>
  <testcase name="setUp" classname="tests.SubMenuTest" time="0.001">
    <failure message="Wrong browser" type="java.lang.IllegalStateException"><![CDATA[java.lang.IllegalStateException: Wrong browser
]]></failure>
  </testcase>
  <testcase name="checkSubMenuOfTheCategories" classname="tests.SubMenuTest" time="0">
    <skipped message="Wrong browser"/>
  </testcase>
  <testcase name="quite" classname="tests.SubMenuTest" time="0.01">
    <failure type="java.lang.NullPointerException"><![CDATA[java.lang.NullPointerException
]]></failure>
    <system-out><![CDATA[[INFO ] 2021-10-07 13:19:58 BaseTest:54 :quite - message:Closing the application
]]></system-out>
  </testcase>
  <testcase name="setUp" classname="tests.PriceDropTest" time="0.04">
    <failure message="Wrong browser" type="java.lang.IllegalStateException"><![CDATA[java.lang.IllegalStateException: Wrong browser
]]></failure>
  </testcase>
  <testcase name="checkThatEveryProductHasOldPriceAndCorrectNewPrice" classname="tests.PriceDropTest" time="0">
    <skipped message="Wrong browser"/>
  </testcase>
  <testcase name="quite" classname="tests.PriceDropTest" time="0.01">
    <failure type="java.lang.NullPointerException"><![CDATA[java.lang.NullPointerException
]]></failure>
    <system-out><![CDATA[[INFO ] 2021-10-07 13:19:58 BaseTest:54 :quite - message:Closing the application
]]></system-out>
  </testcase>
  <testcase name="setUp" classname="tests.PopularProductTest" time="0.04">
    <failure message="Wrong browser" type="java.lang.IllegalStateException"><![CDATA[java.lang.IllegalStateException: Wrong browser
]]></failure>
  </testcase>
  <testcase name="checkThatPopularProductsHaveNameAndPriceAndCheckTheirAmount" classname="tests.PopularProductTest" time="0">
    <skipped message="Wrong browser"/>
  </testcase>
  <testcase name="quite" classname="tests.PopularProductTest" time="0.02">
    <failure type="java.lang.NullPointerException"><![CDATA[java.lang.NullPointerException
]]></failure>
    <system-out><![CDATA[[INFO ] 2021-10-07 13:19:58 BaseTest:54 :quite - message:Closing the application
]]></system-out>
  </testcase>
</testsuite>