-------------------------------------------------------------------------------
Test set: TestSuite
-------------------------------------------------------------------------------
Tests run: 19, Failures: 12, Errors: 0, Skipped: 7, Time elapsed: 3.45 s <<< FAILURE! - in TestSuite
tests.RegistrationWithInvalidDataTest.setUp  Time elapsed: 2.262 s  <<< FAILURE!
java.lang.IllegalStateException: Wrong browser

tests.RegistrationWithValidDataTest.setUp  Time elapsed: 2.262 s  <<< FAILURE!
java.lang.IllegalStateException: Wrong browser

tests.RegistrationWithInvalidDataTest.quite  Time elapsed: 0.111 s  <<< FAILURE!
java.lang.NullPointerException

tests.RegistrationWithValidDataTest.quite  Time elapsed: 0.111 s  <<< FAILURE!
java.lang.NullPointerException

tests.LanguagesTest.setUp  Time elapsed: 0.172 s  <<< FAILURE!
java.lang.IllegalStateException: Wrong browser

tests.SubMenuTest.setUp  Time elapsed: 0.001 s  <<< FAILURE!
java.lang.IllegalStateException: Wrong browser

tests.LanguagesTest.quite  Time elapsed: 0.041 s  <<< FAILURE!
java.lang.NullPointerException

tests.SubMenuTest.quite  Time elapsed: 0.01 s  <<< FAILURE!
java.lang.NullPointerException

tests.PriceDropTest.setUp  Time elapsed: 0.04 s  <<< FAILURE!
java.lang.IllegalStateException: Wrong browser

tests.PopularProductTest.setUp  Time elapsed: 0.04 s  <<< FAILURE!
java.lang.IllegalStateException: Wrong browser

tests.PriceDropTest.quite  Time elapsed: 0.01 s  <<< FAILURE!
java.lang.NullPointerException

tests.PopularProductTest.quite  Time elapsed: 0.02 s  <<< FAILURE!
java.lang.NullPointerException

