<?xml version="1.0" encoding="UTF-8"?>
<!-- Generated by org.testng.reporters.JUnitXMLReporter -->
<testsuite hostname="Admin-PC" ignored="0" name="Login tests" tests="2" failures="0" timestamp="2021-10-07T13:19:58 EEST" time="0.675" errors="0">
  <testcase name="@BeforeClass setUp" time="0.03" classname="tests.BaseTest">
    <failure type="java.lang.IllegalStateException" message="Wrong browser">
      <![CDATA[java.lang.IllegalStateException: Wrong browser
at tests.BaseTest.setUp(BaseTest.java:39)
at java.util.concurrent.ThreadPoolExecutor.runWorker(ThreadPoolExecutor.java:1149)
at java.util.concurrent.ThreadPoolExecutor$Worker.run(ThreadPoolExecutor.java:624)
at java.lang.Thread.run(Thread.java:748)
... Removed 10 stack frames]]>
    </failure>
  </testcase> <!-- @BeforeClass setUp -->
  <testcase name="@BeforeClass setUp" time="0.03" classname="tests.BaseTest">
    <failure type="java.lang.IllegalStateException" message="Wrong browser">
      <![CDATA[java.lang.IllegalStateException: Wrong browser
at tests.BaseTest.setUp(BaseTest.java:39)
at java.util.concurrent.ThreadPoolExecutor.runWorker(ThreadPoolExecutor.java:1149)
at java.util.concurrent.ThreadPoolExecutor$Worker.run(ThreadPoolExecutor.java:624)
at java.lang.Thread.run(Thread.java:748)
... Removed 10 stack frames]]>
    </failure>
  </testcase> <!-- @BeforeClass setUp -->
  <testcase name="@AfterClass quite" time="0.01" classname="tests.BaseTest">
    <failure type="java.lang.NullPointerException">
      <![CDATA[java.lang.NullPointerException
at tests.BaseTest.quite(BaseTest.java:55)
at java.util.concurrent.ThreadPoolExecutor.runWorker(ThreadPoolExecutor.java:1149)
at java.util.concurrent.ThreadPoolExecutor$Worker.run(ThreadPoolExecutor.java:624)
at java.lang.Thread.run(Thread.java:748)
... Removed 10 stack frames]]>
    </failure>
  </testcase> <!-- @AfterClass quite -->
  <testcase name="@AfterClass quite" time="0.02" classname="tests.BaseTest">
    <failure type="java.lang.NullPointerException">
      <![CDATA[java.lang.NullPointerException
at tests.BaseTest.quite(BaseTest.java:55)
at java.util.concurrent.ThreadPoolExecutor.runWorker(ThreadPoolExecutor.java:1149)
at java.util.concurrent.ThreadPoolExecutor$Worker.run(ThreadPoolExecutor.java:624)
at java.lang.Thread.run(Thread.java:748)
... Removed 10 stack frames]]>
    </failure>
  </testcase> <!-- @AfterClass quite -->
  <testcase name="checkThatUsersNameAppearsAfterRegistration" time="0.0" classname="tests.RegistrationWithValidDataTest">
    <skipped/>
  </testcase> <!-- checkThatUsersNameAppearsAfterRegistration -->
  <testcase name="checkThatInvalidDataHighlightedRedAndWarningAppears" time="0.0" classname="tests.RegistrationWithInvalidDataTest">
    <skipped/>
  </testcase> <!-- checkThatInvalidDataHighlightedRedAndWarningAppears -->
</testsuite> <!-- Login tests -->
