<?xml version="1.0" encoding="UTF-8"?>
<!-- Generated by org.testng.reporters.JUnitXMLReporter -->
<testsuite hostname="Admin-PC" ignored="0" name="Login tests" tests="2" failures="0" timestamp="2021-10-07T19:35:53 EEST" time="34.248" errors="0">
  <testcase name="checkThatUsersNameAppearsAfterRegistration" time="12.574" classname="tests.RegistrationWithValidDataTest"/>
  <testcase name="checkThatInvalidDataHighlightedRedAndWarningAppears" time="14.174" classname="tests.RegistrationWithInvalidDataTest"/>
</testsuite> <!-- Login tests -->
